<?xml version="1.0" encoding="UTF-8"?>
<testsuite xmlns:xsi="http://www.w3.org/2001/XMLSchema-instance" xsi:noNamespaceSchemaLocation="https://maven.apache.org/surefire/maven-surefire-plugin/xsd/surefire-test-report-3.0.xsd" version="3.0" name="com.example.pastereal.PasteRealApplicationTests" time="8.196" tests="1" errors="0" skipped="0" failures="0">
  <properties>
    <property name="java.specification.version" value="17"/>
    <property name="sun.cpu.isalist" value="amd64"/>
    <property name="sun.jnu.encoding" value="Cp1252"/>
    <property name="java.class.path" value="C:\Users\crazm\Downloads\paste-real\paste-real\target\test-classes;C:\Users\crazm\Downloads\paste-real\paste-real\target\classes;C:\Users\crazm\.m2\repository\org\springframework\boot\spring-boot-starter-web\3.1.11\spring-boot-starter-web-3.1.11.jar;C:\Users\crazm\.m2\repository\org\springframework\boot\spring-boot-starter\3.1.11\spring-boot-starter-3.1.11.jar;C:\Users\crazm\.m2\repository\org\springframework\boot\spring-boot\3.1.11\spring-boot-3.1.11.jar;C:\Users\crazm\.m2\repository\org\springframework\boot\spring-boot-autoconfigure\3.1.11\spring-boot-autoconfigure-3.1.11.jar;C:\Users\crazm\.m2\repository\org\springframework\boot\spring-boot-starter-logging\3.1.11\spring-boot-starter-logging-3.1.11.jar;C:\Users\crazm\.m2\repository\ch\qos\logback\logback-classic\1.4.14\logback-classic-1.4.14.jar;C:\Users\crazm\.m2\repository\ch\qos\logback\logback-core\1.4.14\logback-core-1.4.14.jar;C:\Users\crazm\.m2\repository\org\apache\logging\log4j\log4j-to-slf4j\2.20.0\log4j-to-slf4j-2.20.0.jar;C:\Users\crazm\.m2\repository\org\apache\logging\log4j\log4j-api\2.20.0\log4j-api-2.20.0.jar;C:\Users\crazm\.m2\repository\org\slf4j\jul-to-slf4j\2.0.13\jul-to-slf4j-2.0.13.jar;C:\Users\crazm\.m2\repository\org\yaml\snakeyaml\1.33\snakeyaml-1.33.jar;C:\Users\crazm\.m2\repository\org\springframework\boot\spring-boot-starter-json\3.1.11\spring-boot-starter-json-3.1.11.jar;C:\Users\crazm\.m2\repository\com\fasterxml\jackson\core\jackson-databind\2.15.4\jackson-databind-2.15.4.jar;C:\Users\crazm\.m2\repository\com\fasterxml\jackson\core\jackson-annotations\2.15.4\jackson-annotations-2.15.4.jar;C:\Users\crazm\.m2\repository\com\fasterxml\jackson\core\jackson-core\2.15.4\jackson-core-2.15.4.jar;C:\Users\crazm\.m2\repository\com\fasterxml\jackson\datatype\jackson-datatype-jdk8\2.15.4\jackson-datatype-jdk8-2.15.4.jar;C:\Users\crazm\.m2\repository\com\fasterxml\jackson\datatype\jackson-datatype-jsr310\2.15.4\jackson-datatype-jsr310-2.15.4.jar;C:\Users\crazm\.m2\repository\com\fasterxml\jackson\module\jackson-module-parameter-names\2.15.4\jackson-module-parameter-names-2.15.4.jar;C:\Users\crazm\.m2\repository\org\springframework\boot\spring-boot-starter-tomcat\3.1.11\spring-boot-starter-tomcat-3.1.11.jar;C:\Users\crazm\.m2\repository\org\apache\tomcat\embed\tomcat-embed-core\10.1.20\tomcat-embed-core-10.1.20.jar;C:\Users\crazm\.m2\repository\org\apache\tomcat\embed\tomcat-embed-el\10.1.20\tomcat-embed-el-10.1.20.jar;C:\Users\crazm\.m2\repository\org\apache\tomcat\embed\tomcat-embed-websocket\10.1.20\tomcat-embed-websocket-10.1.20.jar;C:\Users\crazm\.m2\repository\org\springframework\spring-web\6.0.19\spring-web-6.0.19.jar;C:\Users\crazm\.m2\repository\io\micrometer\micrometer-observation\1.11.11\micrometer-observation-1.11.11.jar;C:\Users\crazm\.m2\repository\io\micrometer\micrometer-commons\1.11.11\micrometer-commons-1.11.11.jar;C:\Users\crazm\.m2\repository\org\springframework\spring-webmvc\6.0.19\spring-webmvc-6.0.19.jar;C:\Users\crazm\.m2\repository\org\springframework\spring-expression\6.0.19\spring-expression-6.0.19.jar;C:\Users\crazm\.m2\repository\org\postgresql\postgresql\42.5.6\postgresql-42.5.6.jar;C:\Users\crazm\.m2\repository\org\checkerframework\checker-qual\3.5.0\checker-qual-3.5.0.jar;C:\Users\crazm\.m2\repository\org\projectlombok\lombok\1.18.32\lombok-1.18.32.jar;C:\Users\crazm\.m2\repository\org\springframework\boot\spring-boot-starter-test\3.1.11\spring-boot-starter-test-3.1.11.jar;C:\Users\crazm\.m2\repository\org\springframework\boot\spring-boot-test\3.1.11\spring-boot-test-3.1.11.jar;C:\Users\crazm\.m2\repository\org\springframework\boot\spring-boot-test-autoconfigure\3.1.11\spring-boot-test-autoconfigure-3.1.11.jar;C:\Users\crazm\.m2\repository\com\jayway\jsonpath\json-path\2.9.0\json-path-2.9.0.jar;C:\Users\crazm\.m2\repository\jakarta\xml\bind\jakarta.xml.bind-api\4.0.2\jakarta.xml.bind-api-4.0.2.jar;C:\Users\crazm\.m2\repository\jakarta\activation\jakarta.activation-api\2.1.3\jakarta.activation-api-2.1.3.jar;C:\Users\crazm\.m2\repository\net\minidev\json-smart\2.4.11\json-smart-2.4.11.jar;C:\Users\crazm\.m2\repository\net\minidev\accessors-smart\2.4.11\accessors-smart-2.4.11.jar;C:\Users\crazm\.m2\repository\org\ow2\asm\asm\9.3\asm-9.3.jar;C:\Users\crazm\.m2\repository\org\assertj\assertj-core\3.24.2\assertj-core-3.24.2.jar;C:\Users\crazm\.m2\repository\net\bytebuddy\byte-buddy\1.14.13\byte-buddy-1.14.13.jar;C:\Users\crazm\.m2\repository\org\hamcrest\hamcrest\2.2\hamcrest-2.2.jar;C:\Users\crazm\.m2\repository\org\junit\jupiter\junit-jupiter\5.9.3\junit-jupiter-5.9.3.jar;C:\Users\crazm\.m2\repository\org\junit\jupiter\junit-jupiter-api\5.9.3\junit-jupiter-api-5.9.3.jar;C:\Users\crazm\.m2\repository\org\opentest4j\opentest4j\1.2.0\opentest4j-1.2.0.jar;C:\Users\crazm\.m2\repository\org\junit\platform\junit-platform-commons\1.9.3\junit-platform-commons-1.9.3.jar;C:\Users\crazm\.m2\repository\org\apiguardian\apiguardian-api\1.1.2\apiguardian-api-1.1.2.jar;C:\Users\crazm\.m2\repository\org\junit\jupiter\junit-jupiter-params\5.9.3\junit-jupiter-params-5.9.3.jar;C:\Users\crazm\.m2\repository\org\junit\jupiter\junit-jupiter-engine\5.9.3\junit-jupiter-engine-5.9.3.jar;C:\Users\crazm\.m2\repository\org\junit\platform\junit-platform-engine\1.9.3\junit-platform-engine-1.9.3.jar;C:\Users\crazm\.m2\repository\org\mockito\mockito-core\5.3.1\mockito-core-5.3.1.jar;C:\Users\crazm\.m2\repository\net\bytebuddy\byte-buddy-agent\1.14.13\byte-buddy-agent-1.14.13.jar;C:\Users\crazm\.m2\repository\org\objenesis\objenesis\3.3\objenesis-3.3.jar;C:\Users\crazm\.m2\repository\org\mockito\mockito-junit-jupiter\5.3.1\mockito-junit-jupiter-5.3.1.jar;C:\Users\crazm\.m2\repository\org\skyscreamer\jsonassert\1.5.1\jsonassert-1.5.1.jar;C:\Users\crazm\.m2\repository\com\vaadin\external\google\android-json\0.0.20131108.vaadin1\android-json-0.0.20131108.vaadin1.jar;C:\Users\crazm\.m2\repository\org\springframework\spring-core\6.0.19\spring-core-6.0.19.jar;C:\Users\crazm\.m2\repository\org\springframework\spring-jcl\6.0.19\spring-jcl-6.0.19.jar;C:\Users\crazm\.m2\repository\org\springframework\spring-test\6.0.19\spring-test-6.0.19.jar;C:\Users\crazm\.m2\repository\org\xmlunit\xmlunit-core\2.9.1\xmlunit-core-2.9.1.jar;C:\Users\crazm\.m2\repository\jakarta\persistence\jakarta.persistence-api\3.1.0\jakarta.persistence-api-3.1.0.jar;C:\Users\crazm\.m2\repository\org\springframework\data\spring-data-jpa\3.1.0\spring-data-jpa-3.1.0.jar;C:\Users\crazm\.m2\repository\org\springframework\data\spring-data-commons\3.1.11\spring-data-commons-3.1.11.jar;C:\Users\crazm\.m2\repository\org\springframework\spring-orm\6.0.19\spring-orm-6.0.19.jar;C:\Users\crazm\.m2\repository\org\springframework\spring-jdbc\6.0.19\spring-jdbc-6.0.19.jar;C:\Users\crazm\.m2\repository\org\springframework\spring-context\6.0.19\spring-context-6.0.19.jar;C:\Users\crazm\.m2\repository\org\springframework\spring-aop\6.0.19\spring-aop-6.0.19.jar;C:\Users\crazm\.m2\repository\org\springframework\spring-tx\6.0.19\spring-tx-6.0.19.jar;C:\Users\crazm\.m2\repository\org\springframework\spring-beans\6.0.19\spring-beans-6.0.19.jar;C:\Users\crazm\.m2\repository\org\antlr\antlr4-runtime\4.10.1\antlr4-runtime-4.10.1.jar;C:\Users\crazm\.m2\repository\jakarta\annotation\jakarta.annotation-api\2.1.1\jakarta.annotation-api-2.1.1.jar;C:\Users\crazm\.m2\repository\org\slf4j\slf4j-api\2.0.13\slf4j-api-2.0.13.jar;C:\Users\crazm\.m2\repository\org\springframework\boot\spring-boot-starter-data-jpa\3.1.11\spring-boot-starter-data-jpa-3.1.11.jar;C:\Users\crazm\.m2\repository\org\springframework\boot\spring-boot-starter-aop\3.1.11\spring-boot-starter-aop-3.1.11.jar;C:\Users\crazm\.m2\repository\org\aspectj\aspectjweaver\1.9.22\aspectjweaver-1.9.22.jar;C:\Users\crazm\.m2\repository\org\springframework\boot\spring-boot-starter-jdbc\3.1.11\spring-boot-starter-jdbc-3.1.11.jar;C:\Users\crazm\.m2\repository\com\zaxxer\HikariCP\5.0.1\HikariCP-5.0.1.jar;C:\Users\crazm\.m2\repository\org\hibernate\orm\hibernate-core\6.2.24.Final\hibernate-core-6.2.24.Final.jar;C:\Users\crazm\.m2\repository\jakarta\transaction\jakarta.transaction-api\2.0.1\jakarta.transaction-api-2.0.1.jar;C:\Users\crazm\.m2\repository\org\jboss\logging\jboss-logging\3.5.3.Final\jboss-logging-3.5.3.Final.jar;C:\Users\crazm\.m2\repository\org\hibernate\common\hibernate-commons-annotations\6.0.6.Final\hibernate-commons-annotations-6.0.6.Final.jar;C:\Users\crazm\.m2\repository\io\smallrye\jandex\3.0.5\jandex-3.0.5.jar;C:\Users\crazm\.m2\repository\com\fasterxml\classmate\1.5.1\classmate-1.5.1.jar;C:\Users\crazm\.m2\repository\org\glassfish\jaxb\jaxb-runtime\4.0.5\jaxb-runtime-4.0.5.jar;C:\Users\crazm\.m2\repository\org\glassfish\jaxb\jaxb-core\4.0.5\jaxb-core-4.0.5.jar;C:\Users\crazm\.m2\repository\org\eclipse\angus\angus-activation\2.0.2\angus-activation-2.0.2.jar;C:\Users\crazm\.m2\repository\org\glassfish\jaxb\txw2\4.0.5\txw2-4.0.5.jar;C:\Users\crazm\.m2\repository\com\sun\istack\istack-commons-runtime\4.1.2\istack-commons-runtime-4.1.2.jar;C:\Users\crazm\.m2\repository\jakarta\inject\jakarta.inject-api\2.0.1\jakarta.inject-api-2.0.1.jar;C:\Users\crazm\.m2\repository\org\springframework\spring-aspects\6.0.19\spring-aspects-6.0.19.jar;"/>
    <property name="java.vm.vendor" value="Oracle Corporation"/>
    <property name="sun.arch.data.model" value="64"/>
    <property name="user.variant" value=""/>
    <property name="java.vendor.url" value="https://java.oracle.com/"/>
    <property name="user.timezone" value="America/Mexico_City"/>
    <property name="org.jboss.logging.provider" value="slf4j"/>
    <property name="os.name" value="Windows 11"/>
    <property name="java.vm.specification.version" value="17"/>
    <property name="user.country" value="MX"/>
    <property name="sun.java.launcher" value="SUN_STANDARD"/>
    <property name="sun.boot.library.path" value="C:\Program Files\Java\jdk-17\bin"/>
    <property name="sun.java.command" value="C:\Users\crazm\AppData\Local\Temp\surefire1769209951031971312\surefirebooter-20240501151249863_3.jar C:\Users\crazm\AppData\Local\Temp\surefire1769209951031971312 2024-05-01T15-12-49_602-jvmRun1 surefire-20240501151249863_1tmp surefire_0-20240501151249863_2tmp"/>
    <property name="jdk.debug" value="release"/>
    <property name="surefire.test.class.path" value="C:\Users\crazm\Downloads\paste-real\paste-real\target\test-classes;C:\Users\crazm\Downloads\paste-real\paste-real\target\classes;C:\Users\crazm\.m2\repository\org\springframework\boot\spring-boot-starter-web\3.1.11\spring-boot-starter-web-3.1.11.jar;C:\Users\crazm\.m2\repository\org\springframework\boot\spring-boot-starter\3.1.11\spring-boot-starter-3.1.11.jar;C:\Users\crazm\.m2\repository\org\springframework\boot\spring-boot\3.1.11\spring-boot-3.1.11.jar;C:\Users\crazm\.m2\repository\org\springframework\boot\spring-boot-autoconfigure\3.1.11\spring-boot-autoconfigure-3.1.11.jar;C:\Users\crazm\.m2\repository\org\springframework\boot\spring-boot-starter-logging\3.1.11\spring-boot-starter-logging-3.1.11.jar;C:\Users\crazm\.m2\repository\ch\qos\logback\logback-classic\1.4.14\logback-classic-1.4.14.jar;C:\Users\crazm\.m2\repository\ch\qos\logback\logback-core\1.4.14\logback-core-1.4.14.jar;C:\Users\crazm\.m2\repository\org\apache\logging\log4j\log4j-to-slf4j\2.20.0\log4j-to-slf4j-2.20.0.jar;C:\Users\crazm\.m2\repository\org\apache\logging\log4j\log4j-api\2.20.0\log4j-api-2.20.0.jar;C:\Users\crazm\.m2\repository\org\slf4j\jul-to-slf4j\2.0.13\jul-to-slf4j-2.0.13.jar;C:\Users\crazm\.m2\repository\org\yaml\snakeyaml\1.33\snakeyaml-1.33.jar;C:\Users\crazm\.m2\repository\org\springframework\boot\spring-boot-starter-json\3.1.11\spring-boot-starter-json-3.1.11.jar;C:\Users\crazm\.m2\repository\com\fasterxml\jackson\core\jackson-databind\2.15.4\jackson-databind-2.15.4.jar;C:\Users\crazm\.m2\repository\com\fasterxml\jackson\core\jackson-annotations\2.15.4\jackson-annotations-2.15.4.jar;C:\Users\crazm\.m2\repository\com\fasterxml\jackson\core\jackson-core\2.15.4\jackson-core-2.15.4.jar;C:\Users\crazm\.m2\repository\com\fasterxml\jackson\datatype\jackson-datatype-jdk8\2.15.4\jackson-datatype-jdk8-2.15.4.jar;C:\Users\crazm\.m2\repository\com\fasterxml\jackson\datatype\jackson-datatype-jsr310\2.15.4\jackson-datatype-jsr310-2.15.4.jar;C:\Users\crazm\.m2\repository\com\fasterxml\jackson\module\jackson-module-parameter-names\2.15.4\jackson-module-parameter-names-2.15.4.jar;C:\Users\crazm\.m2\repository\org\springframework\boot\spring-boot-starter-tomcat\3.1.11\spring-boot-starter-tomcat-3.1.11.jar;C:\Users\crazm\.m2\repository\org\apache\tomcat\embed\tomcat-embed-core\10.1.20\tomcat-embed-core-10.1.20.jar;C:\Users\crazm\.m2\repository\org\apache\tomcat\embed\tomcat-embed-el\10.1.20\tomcat-embed-el-10.1.20.jar;C:\Users\crazm\.m2\repository\org\apache\tomcat\embed\tomcat-embed-websocket\10.1.20\tomcat-embed-websocket-10.1.20.jar;C:\Users\crazm\.m2\repository\org\springframework\spring-web\6.0.19\spring-web-6.0.19.jar;C:\Users\crazm\.m2\repository\io\micrometer\micrometer-observation\1.11.11\micrometer-observation-1.11.11.jar;C:\Users\crazm\.m2\repository\io\micrometer\micrometer-commons\1.11.11\micrometer-commons-1.11.11.jar;C:\Users\crazm\.m2\repository\org\springframework\spring-webmvc\6.0.19\spring-webmvc-6.0.19.jar;C:\Users\crazm\.m2\repository\org\springframework\spring-expression\6.0.19\spring-expression-6.0.19.jar;C:\Users\crazm\.m2\repository\org\postgresql\postgresql\42.5.6\postgresql-42.5.6.jar;C:\Users\crazm\.m2\repository\org\checkerframework\checker-qual\3.5.0\checker-qual-3.5.0.jar;C:\Users\crazm\.m2\repository\org\projectlombok\lombok\1.18.32\lombok-1.18.32.jar;C:\Users\crazm\.m2\repository\org\springframework\boot\spring-boot-starter-test\3.1.11\spring-boot-starter-test-3.1.11.jar;C:\Users\crazm\.m2\repository\org\springframework\boot\spring-boot-test\3.1.11\spring-boot-test-3.1.11.jar;C:\Users\crazm\.m2\repository\org\springframework\boot\spring-boot-test-autoconfigure\3.1.11\spring-boot-test-autoconfigure-3.1.11.jar;C:\Users\crazm\.m2\repository\com\jayway\jsonpath\json-path\2.9.0\json-path-2.9.0.jar;C:\Users\crazm\.m2\repository\jakarta\xml\bind\jakarta.xml.bind-api\4.0.2\jakarta.xml.bind-api-4.0.2.jar;C:\Users\crazm\.m2\repository\jakarta\activation\jakarta.activation-api\2.1.3\jakarta.activation-api-2.1.3.jar;C:\Users\crazm\.m2\repository\net\minidev\json-smart\2.4.11\json-smart-2.4.11.jar;C:\Users\crazm\.m2\repository\net\minidev\accessors-smart\2.4.11\accessors-smart-2.4.11.jar;C:\Users\crazm\.m2\repository\org\ow2\asm\asm\9.3\asm-9.3.jar;C:\Users\crazm\.m2\repository\org\assertj\assertj-core\3.24.2\assertj-core-3.24.2.jar;C:\Users\crazm\.m2\repository\net\bytebuddy\byte-buddy\1.14.13\byte-buddy-1.14.13.jar;C:\Users\crazm\.m2\repository\org\hamcrest\hamcrest\2.2\hamcrest-2.2.jar;C:\Users\crazm\.m2\repository\org\junit\jupiter\junit-jupiter\5.9.3\junit-jupiter-5.9.3.jar;C:\Users\crazm\.m2\repository\org\junit\jupiter\junit-jupiter-api\5.9.3\junit-jupiter-api-5.9.3.jar;C:\Users\crazm\.m2\repository\org\opentest4j\opentest4j\1.2.0\opentest4j-1.2.0.jar;C:\Users\crazm\.m2\repository\org\junit\platform\junit-platform-commons\1.9.3\junit-platform-commons-1.9.3.jar;C:\Users\crazm\.m2\repository\org\apiguardian\apiguardian-api\1.1.2\apiguardian-api-1.1.2.jar;C:\Users\crazm\.m2\repository\org\junit\jupiter\junit-jupiter-params\5.9.3\junit-jupiter-params-5.9.3.jar;C:\Users\crazm\.m2\repository\org\junit\jupiter\junit-jupiter-engine\5.9.3\junit-jupiter-engine-5.9.3.jar;C:\Users\crazm\.m2\repository\org\junit\platform\junit-platform-engine\1.9.3\junit-platform-engine-1.9.3.jar;C:\Users\crazm\.m2\repository\org\mockito\mockito-core\5.3.1\mockito-core-5.3.1.jar;C:\Users\crazm\.m2\repository\net\bytebuddy\byte-buddy-agent\1.14.13\byte-buddy-agent-1.14.13.jar;C:\Users\crazm\.m2\repository\org\objenesis\objenesis\3.3\objenesis-3.3.jar;C:\Users\crazm\.m2\repository\org\mockito\mockito-junit-jupiter\5.3.1\mockito-junit-jupiter-5.3.1.jar;C:\Users\crazm\.m2\repository\org\skyscreamer\jsonassert\1.5.1\jsonassert-1.5.1.jar;C:\Users\crazm\.m2\repository\com\vaadin\external\google\android-json\0.0.20131108.vaadin1\android-json-0.0.20131108.vaadin1.jar;C:\Users\crazm\.m2\repository\org\springframework\spring-core\6.0.19\spring-core-6.0.19.jar;C:\Users\crazm\.m2\repository\org\springframework\spring-jcl\6.0.19\spring-jcl-6.0.19.jar;C:\Users\crazm\.m2\repository\org\springframework\spring-test\6.0.19\spring-test-6.0.19.jar;C:\Users\crazm\.m2\repository\org\xmlunit\xmlunit-core\2.9.1\xmlunit-core-2.9.1.jar;C:\Users\crazm\.m2\repository\jakarta\persistence\jakarta.persistence-api\3.1.0\jakarta.persistence-api-3.1.0.jar;C:\Users\crazm\.m2\repository\org\springframework\data\spring-data-jpa\3.1.0\spring-data-jpa-3.1.0.jar;C:\Users\crazm\.m2\repository\org\springframework\data\spring-data-commons\3.1.11\spring-data-commons-3.1.11.jar;C:\Users\crazm\.m2\repository\org\springframework\spring-orm\6.0.19\spring-orm-6.0.19.jar;C:\Users\crazm\.m2\repository\org\springframework\spring-jdbc\6.0.19\spring-jdbc-6.0.19.jar;C:\Users\crazm\.m2\repository\org\springframework\spring-context\6.0.19\spring-context-6.0.19.jar;C:\Users\crazm\.m2\repository\org\springframework\spring-aop\6.0.19\spring-aop-6.0.19.jar;C:\Users\crazm\.m2\repository\org\springframework\spring-tx\6.0.19\spring-tx-6.0.19.jar;C:\Users\crazm\.m2\repository\org\springframework\spring-beans\6.0.19\spring-beans-6.0.19.jar;C:\Users\crazm\.m2\repository\org\antlr\antlr4-runtime\4.10.1\antlr4-runtime-4.10.1.jar;C:\Users\crazm\.m2\repository\jakarta\annotation\jakarta.annotation-api\2.1.1\jakarta.annotation-api-2.1.1.jar;C:\Users\crazm\.m2\repository\org\slf4j\slf4j-api\2.0.13\slf4j-api-2.0.13.jar;C:\Users\crazm\.m2\repository\org\springframework\boot\spring-boot-starter-data-jpa\3.1.11\spring-boot-starter-data-jpa-3.1.11.jar;C:\Users\crazm\.m2\repository\org\springframework\boot\spring-boot-starter-aop\3.1.11\spring-boot-starter-aop-3.1.11.jar;C:\Users\crazm\.m2\repository\org\aspectj\aspectjweaver\1.9.22\aspectjweaver-1.9.22.jar;C:\Users\crazm\.m2\repository\org\springframework\boot\spring-boot-starter-jdbc\3.1.11\spring-boot-starter-jdbc-3.1.11.jar;C:\Users\crazm\.m2\repository\com\zaxxer\HikariCP\5.0.1\HikariCP-5.0.1.jar;C:\Users\crazm\.m2\repository\org\hibernate\orm\hibernate-core\6.2.24.Final\hibernate-core-6.2.24.Final.jar;C:\Users\crazm\.m2\repository\jakarta\transaction\jakarta.transaction-api\2.0.1\jakarta.transaction-api-2.0.1.jar;C:\Users\crazm\.m2\repository\org\jboss\logging\jboss-logging\3.5.3.Final\jboss-logging-3.5.3.Final.jar;C:\Users\crazm\.m2\repository\org\hibernate\common\hibernate-commons-annotations\6.0.6.Final\hibernate-commons-annotations-6.0.6.Final.jar;C:\Users\crazm\.m2\repository\io\smallrye\jandex\3.0.5\jandex-3.0.5.jar;C:\Users\crazm\.m2\repository\com\fasterxml\classmate\1.5.1\classmate-1.5.1.jar;C:\Users\crazm\.m2\repository\org\glassfish\jaxb\jaxb-runtime\4.0.5\jaxb-runtime-4.0.5.jar;C:\Users\crazm\.m2\repository\org\glassfish\jaxb\jaxb-core\4.0.5\jaxb-core-4.0.5.jar;C:\Users\crazm\.m2\repository\org\eclipse\angus\angus-activation\2.0.2\angus-activation-2.0.2.jar;C:\Users\crazm\.m2\repository\org\glassfish\jaxb\txw2\4.0.5\txw2-4.0.5.jar;C:\Users\crazm\.m2\repository\com\sun\istack\istack-commons-runtime\4.1.2\istack-commons-runtime-4.1.2.jar;C:\Users\crazm\.m2\repository\jakarta\inject\jakarta.inject-api\2.0.1\jakarta.inject-api-2.0.1.jar;C:\Users\crazm\.m2\repository\org\springframework\spring-aspects\6.0.19\spring-aspects-6.0.19.jar;"/>
    <property name="sun.cpu.endian" value="little"/>
    <property name="user.home" value="C:\Users\crazm"/>
    <property name="user.language" value="es"/>
    <property name="java.specification.vendor" value="Oracle Corporation"/>
    <property name="java.version.date" value="2024-01-16"/>
    <property name="java.home" value="C:\Program Files\Java\jdk-17"/>
    <property name="file.separator" value="\"/>
    <property name="basedir" value="C:\Users\crazm\Downloads\paste-real\paste-real"/>
    <property name="java.vm.compressedOopsMode" value="Zero based"/>
    <property name="line.separator" value="&#10;"/>
    <property name="java.vm.specification.vendor" value="Oracle Corporation"/>
    <property name="java.specification.name" value="Java Platform API Specification"/>
    <property name="FILE_LOG_CHARSET" value="windows-1252"/>
    <property name="java.awt.headless" value="true"/>
    <property name="surefire.real.class.path" value="C:\Users\crazm\AppData\Local\Temp\surefire1769209951031971312\surefirebooter-20240501151249863_3.jar"/>
    <property name="user.script" value=""/>
    <property name="sun.management.compiler" value="HotSpot 64-Bit Tiered Compilers"/>
    <property name="java.runtime.version" value="17.0.10+11-LTS-240"/>
    <property name="user.name" value="crazm"/>
    <property name="path.separator" value=";"/>
    <property name="os.version" value="10.0"/>
    <property name="java.runtime.name" value="Java(TM) SE Runtime Environment"/>
    <property name="file.encoding" value="UTF-8"/>
    <property name="java.vm.name" value="Java HotSpot(TM) 64-Bit Server VM"/>
    <property name="maven.ext.class.path" value="C:\Program Files\NetBeans-13\netbeans\java\maven-nblib\netbeans-eventspy.jar"/>
    <property name="localRepository" value="C:\Users\crazm\.m2\repository"/>
    <property name="java.vendor.url.bug" value="https://bugreport.java.com/bugreport/"/>
    <property name="java.io.tmpdir" value="C:\Users\crazm\AppData\Local\Temp\"/>
    <property name="com.zaxxer.hikari.pool_number" value="1"/>
    <property name="java.version" value="17.0.10"/>
    <property name="user.dir" value="C:\Users\crazm\Downloads\paste-real\paste-real"/>
    <property name="os.arch" value="amd64"/>
    <property name="java.vm.specification.name" value="Java Virtual Machine Specification"/>
    <property name="PID" value="19952"/>
    <property name="sun.os.patch.level" value=""/>
    <property name="CONSOLE_LOG_CHARSET" value="windows-1252"/>
    <property name="native.encoding" value="Cp1252"/>
    <property name="java.library.path" value="C:\Program Files\Java\jdk-17\bin;C:\Windows\Sun\Java\bin;C:\Windows\system32;C:\Windows;C:\app\crazm\product\21c\dbhomeXE\bin;C:\Program Files\Common Files\Oracle\Java\javapath;C:\Program Files (x86)\Common Files\Oracle\Java\javapath;C:\Windows\system32;C:\Windows;C:\Windows\System32\Wbem;C:\Windows\System32\WindowsPowerShell\v1.0\;C:\Windows\System32\OpenSSH\;C:\Program Files\nodejs\;C:\Program Files\Git\cmd;C:\Program Files\Docker\Docker\resources\bin;C:\Program Files\Java\jdk-17\bin;C:\Program Files\apache-maven-3.9.6\bin;C:\Program Files\Java\jdk-17\bin;C:\Users\crazm\AppData\Local\Microsoft\WindowsApps;C:\Users\crazm\AppData\Roaming\npm;C:\Users\crazm\AppData\Local\Programs\Microsoft VS Code\bin;."/>
    <property name="java.vm.info" value="mixed mode, sharing"/>
    <property name="java.vendor" value="Oracle Corporation"/>
    <property name="java.vm.version" value="17.0.10+11-LTS-240"/>
    <property name="sun.io.unicode.encoding" value="UnicodeLittle"/>
    <property name="java.class.version" value="61.0"/>
  </properties>
  <testcase name="contextLoads" classname="com.example.pastereal.PasteRealApplicationTests" time="0.721">
    <system-out><![CDATA[15:12:51.147 [main] INFO org.springframework.test.context.support.AnnotationConfigContextLoaderUtils -- Could not detect default configuration classes for test class [com.example.pastereal.PasteRealApplicationTests]: PasteRealApplicationTests does not declare any static, non-private, non-final, nested classes annotated with @Configuration.
15:12:51.299 [main] INFO org.springframework.boot.test.context.SpringBootTestContextBootstrapper -- Found @SpringBootConfiguration com.example.pastereal.PasteRealApplication for test class com.example.pastereal.PasteRealApplicationTests

  .   ____          _            __ _ _
 /\\ / ___'_ __ _ _(_)_ __  __ _ \ \ \ \
( ( )\___ | '_ | '_| | '_ \/ _` | \ \ \ \
 \\/  ___)| |_)| | | | | || (_| |  ) ) ) )
  '  |____| .__|_| |_|_| |_\__, | / / / /
 =========|_|==============|___/=/_/_/_/
 :: Spring Boot ::               (v3.1.11)

2024-05-01T15:12:52.079-06:00  INFO 19952 --- [           main] c.e.pastereal.PasteRealApplicationTests  : Starting PasteRealApplicationTests using Java 17.0.10 with PID 19952 (started by crazm in C:\Users\crazm\Downloads\paste-real\paste-real)
2024-05-01T15:12:52.083-06:00  INFO 19952 --- [           main] c.e.pastereal.PasteRealApplicationTests  : No active profile set, falling back to 1 default profile: "default"
2024-05-01T15:12:53.104-06:00  INFO 19952 --- [           main] .s.d.r.c.RepositoryConfigurationDelegate : Bootstrapping Spring Data JPA repositories in DEFAULT mode.
2024-05-01T15:12:53.198-06:00  INFO 19952 --- [           main] .s.d.r.c.RepositoryConfigurationDelegate : Finished Spring Data repository scanning in 81 ms. Found 1 JPA repository interface.
2024-05-01T15:12:53.847-06:00  INFO 19952 --- [           main] com.zaxxer.hikari.HikariDataSource       : HikariPool-1 - Starting...
2024-05-01T15:12:54.450-06:00  INFO 19952 --- [           main] com.zaxxer.hikari.pool.HikariPool        : HikariPool-1 - Added connection org.postgresql.jdbc.PgConnection@23ed382c
2024-05-01T15:12:54.459-06:00  INFO 19952 --- [           main] com.zaxxer.hikari.HikariDataSource       : HikariPool-1 - Start completed.
2024-05-01T15:12:54.604-06:00  INFO 19952 --- [           main] o.hibernate.jpa.internal.util.LogHelper  : HHH000204: Processing PersistenceUnitInfo [name: default]
2024-05-01T15:12:54.711-06:00  INFO 19952 --- [           main] org.hibernate.Version                    : HHH000412: Hibernate ORM core version 6.2.24.Final
2024-05-01T15:12:54.718-06:00  INFO 19952 --- [           main] org.hibernate.cfg.Environment            : HHH000406: Using bytecode reflection optimizer
2024-05-01T15:12:55.457-06:00  INFO 19952 --- [           main] o.s.o.j.p.SpringPersistenceUnitInfo      : No LoadTimeWeaver setup: ignoring JPA class transformer
2024-05-01T15:12:55.591-06:00  WARN 19952 --- [           main] org.hibernate.orm.deprecation            : HHH90000025: PostgreSQLDialect does not need to be specified explicitly using 'hibernate.dialect' (remove the property setting and it will be selected by default)
2024-05-01T15:12:56.941-06:00  INFO 19952 --- [           main] o.h.e.t.j.p.i.JtaPlatformInitiator       : HHH000489: No JTA platform available (set 'hibernate.transaction.jta.platform' to enable JTA platform integration)
2024-05-01T15:12:56.941-06:00  INFO 19952 --- [           main] j.LocalContainerEntityManagerFactoryBean : Initialized JPA EntityManagerFactory for persistence unit 'default'
2024-05-01T15:12:57.656-06:00  WARN 19952 --- [           main] JpaBaseConfiguration$JpaWebConfiguration : spring.jpa.open-in-view is enabled by default. Therefore, database queries may be performed during view rendering. Explicitly configure spring.jpa.open-in-view to disable this warning
2024-05-01T15:12:58.343-06:00  INFO 19952 --- [           main] c.e.pastereal.PasteRealApplicationTests  : Started PasteRealApplicationTests in 6.739 seconds (process running for 8.323)
]]></system-out>
  </testcase>
</testsuite>